<?xml version="1.0" encoding="UTF-8"?>
<!-- Generated by org.testng.reporters.JUnitReportReporter -->
<testsuite hostname="DESKTOP-I12RG3K" failures="0" tests="1" name="com.qa.testscripts.TC_LEAVELIST_002" time="4.665" errors="0" timestamp="21 Sep 2021 15:20:38 GMT" skipped="0">
  <testcase classname="com.qa.testscripts.TC_LEAVELIST_002" name="leavelist" time="4.665"/>
</testsuite> <!-- com.qa.testscripts.TC_LEAVELIST_002 -->
